<?xml version="1.0" encoding="UTF-8"?>
<testng-results ignored="0" total="1" passed="1" failed="0" skipped="0">
  <reporter-output>
  </reporter-output>
  <suite started-at="2023-02-22T17:49:59 IST" name="Default suite" finished-at="2023-02-22T17:50:10 IST" duration-ms="11687">
    <groups>
    </groups>
    <test started-at="2023-02-22T17:49:59 IST" name="Default test" finished-at="2023-02-22T17:50:10 IST" duration-ms="11687">
      <class name="TestClass_API.TestCases_API_Inmem">
        <test-method is-config="true" signature="Beforemethod()[pri:0, instance:TestClass_API.TestCases_API_Inmem@67c33749]" started-at="2023-02-22T17:49:59 IST" name="Beforemethod" finished-at="2023-02-22T17:50:02 IST" duration-ms="3168" status="PASS">
          <reporter-output>
          </reporter-output>
        </test-method> <!-- Beforemethod -->
        <test-method signature="Infosys_Ping()[pri:0, instance:TestClass_API.TestCases_API_Inmem@67c33749]" started-at="2023-02-22T17:50:02 IST" name="Infosys_Ping" finished-at="2023-02-22T17:50:10 IST" duration-ms="8473" status="PASS">
          <reporter-output>
          </reporter-output>
        </test-method> <!-- Infosys_Ping -->
      </class> <!-- TestClass_API.TestCases_API_Inmem -->
    </test> <!-- Default test -->
  </suite> <!-- Default suite -->
</testng-results>
