<?xml version="1.0" encoding="UTF-8"?>
<testng-results ignored="0" total="1" passed="1" failed="0" skipped="0">
  <reporter-output>
  </reporter-output>
  <suite started-at="2023-03-14T10:19:28 IST" name="Default suite" finished-at="2023-03-14T10:19:33 IST" duration-ms="5305">
    <groups>
    </groups>
    <test started-at="2023-03-14T10:19:28 IST" name="Default test" finished-at="2023-03-14T10:19:33 IST" duration-ms="5305">
      <class name="Test_Class.sendmail_encrypt">
        <test-method signature="Encryption_mail()[pri:0, instance:Test_Class.sendmail_encrypt@15bbf42f]" started-at="2023-03-14T10:19:28 IST" name="Encryption_mail" finished-at="2023-03-14T10:19:33 IST" duration-ms="5227" status="PASS">
          <reporter-output>
          </reporter-output>
        </test-method> <!-- Encryption_mail -->
      </class> <!-- Test_Class.sendmail_encrypt -->
    </test> <!-- Default test -->
  </suite> <!-- Default suite -->
</testng-results>
