<?xml version="1.0" encoding="UTF-8"?>
<!-- Generated by org.testng.reporters.JUnitXMLReporter -->
<testsuite ignored="0" hostname="Rohits-MacBook-Air.local" failures="0" tests="2" name="Default test" time="3.288" errors="0" timestamp="2023-02-02T16:48:50 IST">
  <testcase classname="API_hourly_testcases.TestClass_API" name="API_InMemory_E2E_Sch_Month" time="2.27"/>
  <testcase classname="API_hourly_testcases.TestClass_API" name="API_InMemory_WWW_Sch_Month" time="0.946"/>
</testsuite> <!-- Default test -->
