<?xml version="1.0" encoding="UTF-8"?>
<testng-results ignored="0" total="2" passed="2" failed="0" skipped="0">
  <reporter-output>
  </reporter-output>
  <suite started-at="2023-02-02T16:48:47 IST" name="Default suite" finished-at="2023-02-02T16:48:50 IST" duration-ms="3288">
    <groups>
    </groups>
    <test started-at="2023-02-02T16:48:47 IST" name="Default test" finished-at="2023-02-02T16:48:50 IST" duration-ms="3288">
      <class name="API_hourly_testcases.TestClass_API">
        <test-method signature="API_InMemory_E2E_Sch_Month()[pri:1, instance:API_hourly_testcases.TestClass_API@10feca44]" started-at="2023-02-02T16:48:47 IST" name="API_InMemory_E2E_Sch_Month" finished-at="2023-02-02T16:48:49 IST" duration-ms="2270" status="PASS">
          <reporter-output>
          </reporter-output>
        </test-method> <!-- API_InMemory_E2E_Sch_Month -->
        <test-method signature="API_InMemory_WWW_Sch_Month()[pri:2, instance:API_hourly_testcases.TestClass_API@10feca44]" started-at="2023-02-02T16:48:49 IST" name="API_InMemory_WWW_Sch_Month" finished-at="2023-02-02T16:48:50 IST" duration-ms="946" status="PASS">
          <reporter-output>
          </reporter-output>
        </test-method> <!-- API_InMemory_WWW_Sch_Month -->
      </class> <!-- API_hourly_testcases.TestClass_API -->
    </test> <!-- Default test -->
  </suite> <!-- Default suite -->
</testng-results>
